<?xml version="1.0" encoding="UTF-8"?>
<!-- Generated by org.testng.reporters.JUnitReportReporter -->
<testsuite hostname="DESKTOP-G846DJ5" failures="0" tests="1" name="com.test.DragDrop" time="5.733" errors="0" timestamp="2023-05-25T17:20:52 EDT" skipped="0">
  <testcase classname="com.test.DragDrop" name="DragDropss" time="5.733"/>
  <system-out/>
</testsuite> <!-- com.test.DragDrop -->
