<?xml version="1.0" encoding="UTF-8"?>
<!-- Generated by org.testng.reporters.JUnitReportReporter -->
<testsuite hostname="DESKTOP-G846DJ5" failures="0" tests="2" name="com.test.MultiTest" time="13.629" errors="0" timestamp="2023-05-25T17:20:52 EDT" skipped="0">
  <testcase classname="com.test.MultiTest" name="DropDown" time="0.766"/>
  <system-out/>
  <testcase classname="com.test.MultiTest" name="AdvanceDropDown" time="12.863"/>
  <system-out/>
</testsuite> <!-- com.test.MultiTest -->
