<?xml version="1.0" encoding="UTF-8"?>
<!-- Generated by org.testng.reporters.JUnitReportReporter -->
<testsuite hostname="DESKTOP-G846DJ5" failures="0" tests="1" name="com.test.DragDrop" time="4.095" errors="0" timestamp="2023-05-21T17:09:47 EDT" skipped="0">
  <testcase classname="com.test.DragDrop" name="DragDropss" time="4.095"/>
  <system-out/>
</testsuite> <!-- com.test.DragDrop -->
