<?xml version="1.0" encoding="UTF-8"?>
<!-- Generated by org.testng.reporters.JUnitReportReporter -->
<testsuite hostname="DESKTOP-G846DJ5" failures="0" tests="2" name="com.test.MultiTest" time="2.382" errors="0" timestamp="2023-05-21T17:39:38 EDT" skipped="0">
  <testcase classname="com.test.MultiTest" name="DropDown" time="0.618"/>
  <system-out/>
  <testcase classname="com.test.MultiTest" name="AdvanceDropDown" time="1.764"/>
  <system-out/>
</testsuite> <!-- com.test.MultiTest -->
