<?xml version="1.0" encoding="UTF-8"?>
<!-- Generated by org.testng.reporters.JUnitReportReporter -->
<testsuite hostname="DESKTOP-G846DJ5" failures="0" tests="1" name="Smoke.LoginTest" time="7.421" errors="0" timestamp="2023-07-19T17:22:50 EDT" skipped="0">
  <testcase classname="Smoke.LoginTest" name="LoginWithCorrectCreadential" time="7.421"/>
  <system-out/>
</testsuite> <!-- Smoke.LoginTest -->
